<?xml version="1.0" encoding="UTF-8"?>
<testsuite xmlns:xsi="http://www.w3.org/2001/XMLSchema-instance" xsi:noNamespaceSchemaLocation="https://maven.apache.org/surefire/maven-surefire-plugin/xsd/surefire-test-report.xsd" name="hlm.com.TestLong" time="0.004" tests="0" errors="0" skipped="0" failures="0">
  <properties>
    <property name="sun.desktop" value="windows"/>
    <property name="awt.toolkit" value="sun.awt.windows.WToolkit"/>
    <property name="file.encoding.pkg" value="sun.io"/>
    <property name="java.specification.version" value="1.8"/>
    <property name="sun.cpu.isalist" value="amd64"/>
    <property name="sun.jnu.encoding" value="GBK"/>
    <property name="java.class.path" value="E:\workspace\springproject\springbootmvc\target\test-classes;E:\workspace\springproject\springbootmvc\target\classes;E:\workspace\apache-maven\org\springframework\boot\spring-boot-starter-web\2.0.0.RELEASE\spring-boot-starter-web-2.0.0.RELEASE.jar;E:\workspace\apache-maven\org\springframework\boot\spring-boot-starter\2.0.0.RELEASE\spring-boot-starter-2.0.0.RELEASE.jar;E:\workspace\apache-maven\org\springframework\boot\spring-boot\2.0.0.RELEASE\spring-boot-2.0.0.RELEASE.jar;E:\workspace\apache-maven\org\springframework\boot\spring-boot-autoconfigure\2.0.0.RELEASE\spring-boot-autoconfigure-2.0.0.RELEASE.jar;E:\workspace\apache-maven\org\springframework\boot\spring-boot-starter-logging\2.0.0.RELEASE\spring-boot-starter-logging-2.0.0.RELEASE.jar;E:\workspace\apache-maven\ch\qos\logback\logback-classic\1.2.3\logback-classic-1.2.3.jar;E:\workspace\apache-maven\ch\qos\logback\logback-core\1.2.3\logback-core-1.2.3.jar;E:\workspace\apache-maven\org\apache\logging\log4j\log4j-to-slf4j\2.10.0\log4j-to-slf4j-2.10.0.jar;E:\workspace\apache-maven\org\apache\logging\log4j\log4j-api\2.10.0\log4j-api-2.10.0.jar;E:\workspace\apache-maven\org\slf4j\jul-to-slf4j\1.7.25\jul-to-slf4j-1.7.25.jar;E:\workspace\apache-maven\javax\annotation\javax.annotation-api\1.3.2\javax.annotation-api-1.3.2.jar;E:\workspace\apache-maven\org\yaml\snakeyaml\1.19\snakeyaml-1.19.jar;E:\workspace\apache-maven\org\springframework\boot\spring-boot-starter-json\2.0.0.RELEASE\spring-boot-starter-json-2.0.0.RELEASE.jar;E:\workspace\apache-maven\com\fasterxml\jackson\core\jackson-databind\2.9.4\jackson-databind-2.9.4.jar;E:\workspace\apache-maven\com\fasterxml\jackson\core\jackson-annotations\2.9.0\jackson-annotations-2.9.0.jar;E:\workspace\apache-maven\com\fasterxml\jackson\core\jackson-core\2.9.4\jackson-core-2.9.4.jar;E:\workspace\apache-maven\com\fasterxml\jackson\datatype\jackson-datatype-jdk8\2.9.4\jackson-datatype-jdk8-2.9.4.jar;E:\workspace\apache-maven\com\fasterxml\jackson\datatype\jackson-datatype-jsr310\2.9.4\jackson-datatype-jsr310-2.9.4.jar;E:\workspace\apache-maven\com\fasterxml\jackson\module\jackson-module-parameter-names\2.9.4\jackson-module-parameter-names-2.9.4.jar;E:\workspace\apache-maven\org\springframework\boot\spring-boot-starter-tomcat\2.0.0.RELEASE\spring-boot-starter-tomcat-2.0.0.RELEASE.jar;E:\workspace\apache-maven\org\apache\tomcat\embed\tomcat-embed-core\8.5.28\tomcat-embed-core-8.5.28.jar;E:\workspace\apache-maven\org\apache\tomcat\embed\tomcat-embed-el\8.5.28\tomcat-embed-el-8.5.28.jar;E:\workspace\apache-maven\org\apache\tomcat\embed\tomcat-embed-websocket\8.5.28\tomcat-embed-websocket-8.5.28.jar;E:\workspace\apache-maven\org\hibernate\validator\hibernate-validator\6.0.7.Final\hibernate-validator-6.0.7.Final.jar;E:\workspace\apache-maven\javax\validation\validation-api\2.0.1.Final\validation-api-2.0.1.Final.jar;E:\workspace\apache-maven\org\jboss\logging\jboss-logging\3.3.2.Final\jboss-logging-3.3.2.Final.jar;E:\workspace\apache-maven\com\fasterxml\classmate\1.3.4\classmate-1.3.4.jar;E:\workspace\apache-maven\org\springframework\spring-web\5.0.4.RELEASE\spring-web-5.0.4.RELEASE.jar;E:\workspace\apache-maven\org\springframework\spring-webmvc\5.0.4.RELEASE\spring-webmvc-5.0.4.RELEASE.jar;E:\workspace\apache-maven\org\springframework\spring-context\5.0.4.RELEASE\spring-context-5.0.4.RELEASE.jar;E:\workspace\apache-maven\org\springframework\spring-expression\5.0.4.RELEASE\spring-expression-5.0.4.RELEASE.jar;E:\workspace\apache-maven\org\springframework\boot\spring-boot-starter-aop\2.0.0.RELEASE\spring-boot-starter-aop-2.0.0.RELEASE.jar;E:\workspace\apache-maven\org\springframework\spring-aop\5.0.4.RELEASE\spring-aop-5.0.4.RELEASE.jar;E:\workspace\apache-maven\org\aspectj\aspectjweaver\1.8.13\aspectjweaver-1.8.13.jar;E:\workspace\apache-maven\org\springframework\boot\spring-boot-starter-freemarker\2.0.0.RELEASE\spring-boot-starter-freemarker-2.0.0.RELEASE.jar;E:\workspace\apache-maven\org\freemarker\freemarker\2.3.27-incubating\freemarker-2.3.27-incubating.jar;E:\workspace\apache-maven\org\springframework\spring-context-support\5.0.4.RELEASE\spring-context-support-5.0.4.RELEASE.jar;E:\workspace\apache-maven\com\zaxxer\HikariCP\2.7.8\HikariCP-2.7.8.jar;E:\workspace\apache-maven\org\slf4j\slf4j-api\1.7.25\slf4j-api-1.7.25.jar;E:\workspace\apache-maven\mysql\mysql-connector-java\5.1.45\mysql-connector-java-5.1.45.jar;E:\workspace\apache-maven\org\springframework\spring-jdbc\5.0.4.RELEASE\spring-jdbc-5.0.4.RELEASE.jar;E:\workspace\apache-maven\org\springframework\spring-beans\5.0.4.RELEASE\spring-beans-5.0.4.RELEASE.jar;E:\workspace\apache-maven\org\springframework\spring-core\5.0.4.RELEASE\spring-core-5.0.4.RELEASE.jar;E:\workspace\apache-maven\org\springframework\spring-jcl\5.0.4.RELEASE\spring-jcl-5.0.4.RELEASE.jar;E:\workspace\apache-maven\org\springframework\spring-tx\5.0.4.RELEASE\spring-tx-5.0.4.RELEASE.jar;"/>
    <property name="java.vm.vendor" value="Oracle Corporation"/>
    <property name="sun.arch.data.model" value="64"/>
    <property name="user.variant" value=""/>
    <property name="java.vendor.url" value="http://java.oracle.com/"/>
    <property name="user.timezone" value=""/>
    <property name="java.vm.specification.version" value="1.8"/>
    <property name="os.name" value="Windows 7"/>
    <property name="user.country" value="CN"/>
    <property name="sun.java.launcher" value="SUN_STANDARD"/>
    <property name="sun.boot.library.path" value="C:\Program Files\Java\jdk1.8.0_74\jre\bin"/>
    <property name="sun.java.command" value="C:\Users\ADMINI~1\AppData\Local\Temp\surefire9203781754013753520\surefirebooter8582461476352335405.jar C:\Users\Administrator\AppData\Local\Temp\surefire9203781754013753520 2018-06-22T21-30-36_713-jvmRun1 surefire5691638742463857639tmp surefire_06364435323353485345tmp"/>
    <property name="surefire.test.class.path" value="E:\workspace\springproject\springbootmvc\target\test-classes;E:\workspace\springproject\springbootmvc\target\classes;E:\workspace\apache-maven\org\springframework\boot\spring-boot-starter-web\2.0.0.RELEASE\spring-boot-starter-web-2.0.0.RELEASE.jar;E:\workspace\apache-maven\org\springframework\boot\spring-boot-starter\2.0.0.RELEASE\spring-boot-starter-2.0.0.RELEASE.jar;E:\workspace\apache-maven\org\springframework\boot\spring-boot\2.0.0.RELEASE\spring-boot-2.0.0.RELEASE.jar;E:\workspace\apache-maven\org\springframework\boot\spring-boot-autoconfigure\2.0.0.RELEASE\spring-boot-autoconfigure-2.0.0.RELEASE.jar;E:\workspace\apache-maven\org\springframework\boot\spring-boot-starter-logging\2.0.0.RELEASE\spring-boot-starter-logging-2.0.0.RELEASE.jar;E:\workspace\apache-maven\ch\qos\logback\logback-classic\1.2.3\logback-classic-1.2.3.jar;E:\workspace\apache-maven\ch\qos\logback\logback-core\1.2.3\logback-core-1.2.3.jar;E:\workspace\apache-maven\org\apache\logging\log4j\log4j-to-slf4j\2.10.0\log4j-to-slf4j-2.10.0.jar;E:\workspace\apache-maven\org\apache\logging\log4j\log4j-api\2.10.0\log4j-api-2.10.0.jar;E:\workspace\apache-maven\org\slf4j\jul-to-slf4j\1.7.25\jul-to-slf4j-1.7.25.jar;E:\workspace\apache-maven\javax\annotation\javax.annotation-api\1.3.2\javax.annotation-api-1.3.2.jar;E:\workspace\apache-maven\org\yaml\snakeyaml\1.19\snakeyaml-1.19.jar;E:\workspace\apache-maven\org\springframework\boot\spring-boot-starter-json\2.0.0.RELEASE\spring-boot-starter-json-2.0.0.RELEASE.jar;E:\workspace\apache-maven\com\fasterxml\jackson\core\jackson-databind\2.9.4\jackson-databind-2.9.4.jar;E:\workspace\apache-maven\com\fasterxml\jackson\core\jackson-annotations\2.9.0\jackson-annotations-2.9.0.jar;E:\workspace\apache-maven\com\fasterxml\jackson\core\jackson-core\2.9.4\jackson-core-2.9.4.jar;E:\workspace\apache-maven\com\fasterxml\jackson\datatype\jackson-datatype-jdk8\2.9.4\jackson-datatype-jdk8-2.9.4.jar;E:\workspace\apache-maven\com\fasterxml\jackson\datatype\jackson-datatype-jsr310\2.9.4\jackson-datatype-jsr310-2.9.4.jar;E:\workspace\apache-maven\com\fasterxml\jackson\module\jackson-module-parameter-names\2.9.4\jackson-module-parameter-names-2.9.4.jar;E:\workspace\apache-maven\org\springframework\boot\spring-boot-starter-tomcat\2.0.0.RELEASE\spring-boot-starter-tomcat-2.0.0.RELEASE.jar;E:\workspace\apache-maven\org\apache\tomcat\embed\tomcat-embed-core\8.5.28\tomcat-embed-core-8.5.28.jar;E:\workspace\apache-maven\org\apache\tomcat\embed\tomcat-embed-el\8.5.28\tomcat-embed-el-8.5.28.jar;E:\workspace\apache-maven\org\apache\tomcat\embed\tomcat-embed-websocket\8.5.28\tomcat-embed-websocket-8.5.28.jar;E:\workspace\apache-maven\org\hibernate\validator\hibernate-validator\6.0.7.Final\hibernate-validator-6.0.7.Final.jar;E:\workspace\apache-maven\javax\validation\validation-api\2.0.1.Final\validation-api-2.0.1.Final.jar;E:\workspace\apache-maven\org\jboss\logging\jboss-logging\3.3.2.Final\jboss-logging-3.3.2.Final.jar;E:\workspace\apache-maven\com\fasterxml\classmate\1.3.4\classmate-1.3.4.jar;E:\workspace\apache-maven\org\springframework\spring-web\5.0.4.RELEASE\spring-web-5.0.4.RELEASE.jar;E:\workspace\apache-maven\org\springframework\spring-webmvc\5.0.4.RELEASE\spring-webmvc-5.0.4.RELEASE.jar;E:\workspace\apache-maven\org\springframework\spring-context\5.0.4.RELEASE\spring-context-5.0.4.RELEASE.jar;E:\workspace\apache-maven\org\springframework\spring-expression\5.0.4.RELEASE\spring-expression-5.0.4.RELEASE.jar;E:\workspace\apache-maven\org\springframework\boot\spring-boot-starter-aop\2.0.0.RELEASE\spring-boot-starter-aop-2.0.0.RELEASE.jar;E:\workspace\apache-maven\org\springframework\spring-aop\5.0.4.RELEASE\spring-aop-5.0.4.RELEASE.jar;E:\workspace\apache-maven\org\aspectj\aspectjweaver\1.8.13\aspectjweaver-1.8.13.jar;E:\workspace\apache-maven\org\springframework\boot\spring-boot-starter-freemarker\2.0.0.RELEASE\spring-boot-starter-freemarker-2.0.0.RELEASE.jar;E:\workspace\apache-maven\org\freemarker\freemarker\2.3.27-incubating\freemarker-2.3.27-incubating.jar;E:\workspace\apache-maven\org\springframework\spring-context-support\5.0.4.RELEASE\spring-context-support-5.0.4.RELEASE.jar;E:\workspace\apache-maven\com\zaxxer\HikariCP\2.7.8\HikariCP-2.7.8.jar;E:\workspace\apache-maven\org\slf4j\slf4j-api\1.7.25\slf4j-api-1.7.25.jar;E:\workspace\apache-maven\mysql\mysql-connector-java\5.1.45\mysql-connector-java-5.1.45.jar;E:\workspace\apache-maven\org\springframework\spring-jdbc\5.0.4.RELEASE\spring-jdbc-5.0.4.RELEASE.jar;E:\workspace\apache-maven\org\springframework\spring-beans\5.0.4.RELEASE\spring-beans-5.0.4.RELEASE.jar;E:\workspace\apache-maven\org\springframework\spring-core\5.0.4.RELEASE\spring-core-5.0.4.RELEASE.jar;E:\workspace\apache-maven\org\springframework\spring-jcl\5.0.4.RELEASE\spring-jcl-5.0.4.RELEASE.jar;E:\workspace\apache-maven\org\springframework\spring-tx\5.0.4.RELEASE\spring-tx-5.0.4.RELEASE.jar;"/>
    <property name="sun.cpu.endian" value="little"/>
    <property name="user.home" value="C:\Users\Administrator"/>
    <property name="user.language" value="zh"/>
    <property name="java.specification.vendor" value="Oracle Corporation"/>
    <property name="java.home" value="C:\Program Files\Java\jdk1.8.0_74\jre"/>
    <property name="basedir" value="E:\workspace\springproject\springbootmvc"/>
    <property name="file.separator" value="\"/>
    <property name="line.separator" value="&#10;"/>
    <property name="java.vm.specification.vendor" value="Oracle Corporation"/>
    <property name="java.specification.name" value="Java Platform API Specification"/>
    <property name="java.awt.graphicsenv" value="sun.awt.Win32GraphicsEnvironment"/>
    <property name="surefire.real.class.path" value="C:\Users\ADMINI~1\AppData\Local\Temp\surefire9203781754013753520\surefirebooter8582461476352335405.jar"/>
    <property name="sun.boot.class.path" value="C:\Program Files\Java\jdk1.8.0_74\jre\lib\resources.jar;C:\Program Files\Java\jdk1.8.0_74\jre\lib\rt.jar;C:\Program Files\Java\jdk1.8.0_74\jre\lib\sunrsasign.jar;C:\Program Files\Java\jdk1.8.0_74\jre\lib\jsse.jar;C:\Program Files\Java\jdk1.8.0_74\jre\lib\jce.jar;C:\Program Files\Java\jdk1.8.0_74\jre\lib\charsets.jar;C:\Program Files\Java\jdk1.8.0_74\jre\lib\jfr.jar;C:\Program Files\Java\jdk1.8.0_74\jre\classes"/>
    <property name="user.script" value=""/>
    <property name="sun.management.compiler" value="HotSpot 64-Bit Tiered Compilers"/>
    <property name="java.runtime.version" value="1.8.0_74-b02"/>
    <property name="user.name" value="Administrator"/>
    <property name="path.separator" value=";"/>
    <property name="os.version" value="6.1"/>
    <property name="java.endorsed.dirs" value="C:\Program Files\Java\jdk1.8.0_74\jre\lib\endorsed"/>
    <property name="java.runtime.name" value="Java(TM) SE Runtime Environment"/>
    <property name="file.encoding" value="GBK"/>
    <property name="java.vm.name" value="Java HotSpot(TM) 64-Bit Server VM"/>
    <property name="localRepository" value="E:\workspace\apache-maven"/>
    <property name="java.vendor.url.bug" value="http://bugreport.sun.com/bugreport/"/>
    <property name="java.io.tmpdir" value="C:\Users\ADMINI~1\AppData\Local\Temp\"/>
    <property name="java.version" value="1.8.0_74"/>
    <property name="user.dir" value="E:\workspace\springproject\springbootmvc"/>
    <property name="os.arch" value="amd64"/>
    <property name="java.vm.specification.name" value="Java Virtual Machine Specification"/>
    <property name="java.awt.printerjob" value="sun.awt.windows.WPrinterJob"/>
    <property name="sun.os.patch.level" value="Service Pack 1"/>
    <property name="java.library.path" value="C:\Program Files\Java\jdk1.8.0_74\jre\bin;C:\Windows\Sun\Java\bin;C:\Windows\system32;C:\Windows;C:\Users\Administrator\bin;D:\chengxu\Git\Git\mingw64\bin;D:\chengxu\Git\Git\usr\local\bin;D:\chengxu\Git\Git\usr\bin;D:\chengxu\Git\Git\usr\bin;D:\chengxu\Git\Git\mingw64\bin;D:\chengxu\Git\Git\usr\bin;C:\Users\Administrator\bin;C:\Program Files (x86)\Common Files\Oracle\Java\javapath;C:\ProgramData\Oracle\Java\javapath;C:\Windows\system32;C:\Windows;C:\Windows\System32\Wbem;C:\Windows\System32\WindowsPowerShell\v1.0;D:\chengxu\tools\node-js;C:\Program Files\Java\jdk1.8.0_74\bin;C:\Program Files\Java\jdk1.8.0_74\jre\bin;C:\Users\Administrator\AppData\Local\Programs\Python\Python35;D:\chengxu\redis;D:\chengxu\Maven\bin;D:\chengxu\Git\Git\cmd;C:\Users\Administrator\AppData\Roaming\npm;D:\chengxu\Git\Git\usr\bin\vendor_perl;D:\chengxu\Git\Git\usr\bin\core_perl;."/>
    <property name="java.vm.info" value="mixed mode"/>
    <property name="java.vendor" value="Oracle Corporation"/>
    <property name="java.vm.version" value="25.74-b02"/>
    <property name="java.ext.dirs" value="C:\Program Files\Java\jdk1.8.0_74\jre\lib\ext;C:\Windows\Sun\Java\lib\ext"/>
    <property name="sun.io.unicode.encoding" value="UnicodeLittle"/>
    <property name="java.class.version" value="52.0"/>
  </properties>
</testsuite>